<?xml version="1.0" encoding="UTF-8"?>
<!-- Generated by org.testng.reporters.JUnitReportReporter -->
<testsuite hostname="IPIX-DESK-05" name="Academy.ValidateNav" tests="1" failures="0" timestamp="31 Jul 2020 08:16:59 GMT" time="0.737" errors="0">
  <testcase name="baseNavigation" time="0.737" classname="Academy.ValidateNav"/>
</testsuite> <!-- Academy.ValidateNav -->
