<?xml version="1.0" encoding="UTF-8"?>
<!-- Generated by org.testng.reporters.JUnitReportReporter -->
<testsuite hostname="IPIX-DESK-05" name="Academy.ValidateTitle" tests="2" failures="0" timestamp="2 Aug 2020 11:30:55 GMT" time="0.494" errors="0">
  <testcase name="baseNavigation" time="0.381" classname="Academy.ValidateTitle"/>
  <testcase name="baseHead" time="0.113" classname="Academy.ValidateTitle"/>
</testsuite> <!-- Academy.ValidateTitle -->
