<?xml version="1.0" encoding="UTF-8"?>
<!-- Generated by org.testng.reporters.JUnitReportReporter -->
<testsuite hostname="IPIX-DESK-05" name="Academy.ValidateTitle" tests="2" failures="0" timestamp="2 Aug 2020 11:32:30 GMT" time="6.137" errors="0">
  <testcase name="baseNavigation" time="3.655" classname="Academy.ValidateTitle"/>
  <testcase name="baseHead" time="2.482" classname="Academy.ValidateTitle"/>
</testsuite> <!-- Academy.ValidateTitle -->
