<?xml version="1.0" encoding="UTF-8"?>
<!-- Generated by org.testng.reporters.JUnitReportReporter -->
<testsuite hostname="IPIX-DESK-05" name="Academy.Homepage" tests="2" failures="0" timestamp="2 Aug 2020 11:32:30 GMT" time="57.391" errors="0">
  <testcase name="baseNavigation" time="51.753" classname="Academy.Homepage"/>
  <testcase name="baseNavigation" time="5.638" classname="Academy.Homepage"/>
</testsuite> <!-- Academy.Homepage -->
