<?xml version="1.0" encoding="UTF-8"?>
<!-- Generated by org.testng.reporters.JUnitReportReporter -->
<testsuite hostname="IPIX-DESK-05" name="Academy.ValidateNav" tests="1" failures="0" timestamp="2 Aug 2020 11:32:30 GMT" time="1.987" errors="0">
  <testcase name="baseNavigation" time="1.987" classname="Academy.ValidateNav"/>
</testsuite> <!-- Academy.ValidateNav -->
